[2023-10-24 02:26:40,073 cli INFO] 
##############################################
#                                            #
#                 HADDOCK 3                  #
#                                            #
##############################################

Starting HADDOCK 3.0.0 on 2023-10-24 02:26:00

Python 3.9.18 (main, Sep 11 2023, 13:41:44) 
[GCC 11.2.0]

[2023-10-24 02:26:44,061 libworkflow INFO] Reading instructions step 0_topoaa
[2023-10-24 02:26:44,062 libworkflow INFO] Reading instructions step 1_rigidbody
[2023-10-24 02:26:44,062 libworkflow INFO] Reading instructions step 2_seletop
[2023-10-24 02:26:44,062 libworkflow INFO] Reading instructions step 3_caprieval
[2023-10-24 02:26:44,062 libworkflow INFO] Reading instructions step 4_flexref
[2023-10-24 02:26:44,062 libworkflow INFO] Reading instructions step 5_caprieval
[2023-10-24 02:26:44,062 libworkflow INFO] Reading instructions step 6_emref
[2023-10-24 02:26:44,062 libworkflow INFO] Reading instructions step 7_caprieval
[2023-10-24 02:26:44,147 base_cns_module INFO] Running [topoaa] module
[2023-10-24 02:26:44,148 __init__ INFO] [topoaa] Molecule 1: e2aP_1F3G.pdb
[2023-10-24 02:26:44,154 __init__ INFO] [topoaa] Sanitizing molecule e2aP_1F3G.pdb
/mnt/nfs_share/greenBeansHaddock/docking-protein-protein-merged/run.docking-protein-protein-hpc-1-100-2nd/0_topoaa/e2aP_1F3G.inp
e2aP_1F3G.inp
[2023-10-24 02:26:44,249 __init__ INFO] [topoaa] Topology CNS input created in e2aP_1F3G.inp
e2aP_1F3G.out
[2023-10-24 02:26:44,249 __init__ INFO] [topoaa] Molecule 2: hpr_ensemble.pdb
[2023-10-24 02:26:45,006 __init__ INFO] [topoaa] Sanitizing molecule hpr_ensemble_1.pdb
/mnt/nfs_share/greenBeansHaddock/docking-protein-protein-merged/run.docking-protein-protein-hpc-1-100-2nd/0_topoaa/hpr_ensemble_1.inp
hpr_ensemble_1.inp
[2023-10-24 02:26:45,121 __init__ INFO] [topoaa] Topology CNS input created in hpr_ensemble_1.inp
hpr_ensemble_1.out
[2023-10-24 02:26:45,121 __init__ INFO] [topoaa] Sanitizing molecule hpr_ensemble_2.pdb
/mnt/nfs_share/greenBeansHaddock/docking-protein-protein-merged/run.docking-protein-protein-hpc-1-100-2nd/0_topoaa/hpr_ensemble_2.inp
hpr_ensemble_2.inp
[2023-10-24 02:26:45,250 __init__ INFO] [topoaa] Topology CNS input created in hpr_ensemble_2.inp
hpr_ensemble_2.out
[2023-10-24 02:26:45,250 __init__ INFO] [topoaa] Sanitizing molecule hpr_ensemble_3.pdb
/mnt/nfs_share/greenBeansHaddock/docking-protein-protein-merged/run.docking-protein-protein-hpc-1-100-2nd/0_topoaa/hpr_ensemble_3.inp
hpr_ensemble_3.inp
[2023-10-24 02:26:45,349 __init__ INFO] [topoaa] Topology CNS input created in hpr_ensemble_3.inp
hpr_ensemble_3.out
[2023-10-24 02:26:45,349 __init__ INFO] [topoaa] Sanitizing molecule hpr_ensemble_4.pdb
/mnt/nfs_share/greenBeansHaddock/docking-protein-protein-merged/run.docking-protein-protein-hpc-1-100-2nd/0_topoaa/hpr_ensemble_4.inp
hpr_ensemble_4.inp
[2023-10-24 02:26:45,450 __init__ INFO] [topoaa] Topology CNS input created in hpr_ensemble_4.inp
hpr_ensemble_4.out
[2023-10-24 02:26:45,450 __init__ INFO] [topoaa] Sanitizing molecule hpr_ensemble_5.pdb
/mnt/nfs_share/greenBeansHaddock/docking-protein-protein-merged/run.docking-protein-protein-hpc-1-100-2nd/0_topoaa/hpr_ensemble_5.inp
hpr_ensemble_5.inp
[2023-10-24 02:26:45,578 __init__ INFO] [topoaa] Topology CNS input created in hpr_ensemble_5.inp
hpr_ensemble_5.out
[2023-10-24 02:26:45,578 __init__ INFO] [topoaa] Sanitizing molecule hpr_ensemble_6.pdb
/mnt/nfs_share/greenBeansHaddock/docking-protein-protein-merged/run.docking-protein-protein-hpc-1-100-2nd/0_topoaa/hpr_ensemble_6.inp
hpr_ensemble_6.inp
[2023-10-24 02:26:45,674 __init__ INFO] [topoaa] Topology CNS input created in hpr_ensemble_6.inp
hpr_ensemble_6.out
[2023-10-24 02:26:45,674 __init__ INFO] [topoaa] Sanitizing molecule hpr_ensemble_7.pdb
/mnt/nfs_share/greenBeansHaddock/docking-protein-protein-merged/run.docking-protein-protein-hpc-1-100-2nd/0_topoaa/hpr_ensemble_7.inp
hpr_ensemble_7.inp
[2023-10-24 02:26:45,782 __init__ INFO] [topoaa] Topology CNS input created in hpr_ensemble_7.inp
hpr_ensemble_7.out
[2023-10-24 02:26:45,783 __init__ INFO] [topoaa] Sanitizing molecule hpr_ensemble_8.pdb
/mnt/nfs_share/greenBeansHaddock/docking-protein-protein-merged/run.docking-protein-protein-hpc-1-100-2nd/0_topoaa/hpr_ensemble_8.inp
hpr_ensemble_8.inp
[2023-10-24 02:26:45,879 __init__ INFO] [topoaa] Topology CNS input created in hpr_ensemble_8.inp
hpr_ensemble_8.out
[2023-10-24 02:26:45,879 __init__ INFO] [topoaa] Sanitizing molecule hpr_ensemble_9.pdb
/mnt/nfs_share/greenBeansHaddock/docking-protein-protein-merged/run.docking-protein-protein-hpc-1-100-2nd/0_topoaa/hpr_ensemble_9.inp
hpr_ensemble_9.inp
[2023-10-24 02:26:45,987 __init__ INFO] [topoaa] Topology CNS input created in hpr_ensemble_9.inp
hpr_ensemble_9.out
[2023-10-24 02:26:45,987 __init__ INFO] [topoaa] Sanitizing molecule hpr_ensemble_10.pdb
/mnt/nfs_share/greenBeansHaddock/docking-protein-protein-merged/run.docking-protein-protein-hpc-1-100-2nd/0_topoaa/hpr_ensemble_10.inp
hpr_ensemble_10.inp
[2023-10-24 02:26:46,102 __init__ INFO] [topoaa] Topology CNS input created in hpr_ensemble_10.inp
hpr_ensemble_10.out
[2023-10-24 02:26:46,103 __init__ INFO] [topoaa] Running CNS Jobs n=11
[2023-10-24 02:26:46,103 libhpc INFO] > Running batch 1/1
#!/usr/bin/env bash
#SBATCH -J haddock3
#SBATCH --nodes=1
#SBATCH --tasks-per-node=1
#SBATCH --output=topoaa_1.out
#SBATCH --error=topoaa_1.err
#SBATCH --chdir=.
export MODDIR=.
export MODULE=/home/greenBeans/haddock3/src/haddock/modules/topology/topoaa/cns
export TOPPAR=/home/greenBeans/haddock3/src/haddock/cns/toppar

cd .
/home/greenBeans/haddock3/bin/cns < e2aP_1F3G.inp > e2aP_1F3G.out

b'Submitted batch job 34315\n' b''
#!/usr/bin/env bash
#SBATCH -J haddock3
#SBATCH --nodes=1
#SBATCH --tasks-per-node=1
#SBATCH --output=topoaa_2.out
#SBATCH --error=topoaa_2.err
#SBATCH --chdir=.
export MODDIR=.
export MODULE=/home/greenBeans/haddock3/src/haddock/modules/topology/topoaa/cns
export TOPPAR=/home/greenBeans/haddock3/src/haddock/cns/toppar

cd .
/home/greenBeans/haddock3/bin/cns < hpr_ensemble_1.inp > hpr_ensemble_1.out

b'Submitted batch job 34316\n' b''
#!/usr/bin/env bash
#SBATCH -J haddock3
#SBATCH --nodes=1
#SBATCH --tasks-per-node=1
#SBATCH --output=topoaa_3.out
#SBATCH --error=topoaa_3.err
#SBATCH --chdir=.
export MODDIR=.
export MODULE=/home/greenBeans/haddock3/src/haddock/modules/topology/topoaa/cns
export TOPPAR=/home/greenBeans/haddock3/src/haddock/cns/toppar

cd .
/home/greenBeans/haddock3/bin/cns < hpr_ensemble_2.inp > hpr_ensemble_2.out

b'Submitted batch job 34317\n' b''
#!/usr/bin/env bash
#SBATCH -J haddock3
#SBATCH --nodes=1
#SBATCH --tasks-per-node=1
#SBATCH --output=topoaa_4.out
#SBATCH --error=topoaa_4.err
#SBATCH --chdir=.
export MODDIR=.
export MODULE=/home/greenBeans/haddock3/src/haddock/modules/topology/topoaa/cns
export TOPPAR=/home/greenBeans/haddock3/src/haddock/cns/toppar

cd .
/home/greenBeans/haddock3/bin/cns < hpr_ensemble_3.inp > hpr_ensemble_3.out

b'Submitted batch job 34318\n' b''
#!/usr/bin/env bash
#SBATCH -J haddock3
#SBATCH --nodes=1
#SBATCH --tasks-per-node=1
#SBATCH --output=topoaa_5.out
#SBATCH --error=topoaa_5.err
#SBATCH --chdir=.
export MODDIR=.
export MODULE=/home/greenBeans/haddock3/src/haddock/modules/topology/topoaa/cns
export TOPPAR=/home/greenBeans/haddock3/src/haddock/cns/toppar

cd .
/home/greenBeans/haddock3/bin/cns < hpr_ensemble_4.inp > hpr_ensemble_4.out

b'Submitted batch job 34319\n' b''
#!/usr/bin/env bash
#SBATCH -J haddock3
#SBATCH --nodes=1
#SBATCH --tasks-per-node=1
#SBATCH --output=topoaa_6.out
#SBATCH --error=topoaa_6.err
#SBATCH --chdir=.
export MODDIR=.
export MODULE=/home/greenBeans/haddock3/src/haddock/modules/topology/topoaa/cns
export TOPPAR=/home/greenBeans/haddock3/src/haddock/cns/toppar

cd .
/home/greenBeans/haddock3/bin/cns < hpr_ensemble_5.inp > hpr_ensemble_5.out

b'Submitted batch job 34320\n' b''
#!/usr/bin/env bash
#SBATCH -J haddock3
#SBATCH --nodes=1
#SBATCH --tasks-per-node=1
#SBATCH --output=topoaa_7.out
#SBATCH --error=topoaa_7.err
#SBATCH --chdir=.
export MODDIR=.
export MODULE=/home/greenBeans/haddock3/src/haddock/modules/topology/topoaa/cns
export TOPPAR=/home/greenBeans/haddock3/src/haddock/cns/toppar

cd .
/home/greenBeans/haddock3/bin/cns < hpr_ensemble_6.inp > hpr_ensemble_6.out

b'Submitted batch job 34321\n' b''
#!/usr/bin/env bash
#SBATCH -J haddock3
#SBATCH --nodes=1
#SBATCH --tasks-per-node=1
#SBATCH --output=topoaa_8.out
#SBATCH --error=topoaa_8.err
#SBATCH --chdir=.
export MODDIR=.
export MODULE=/home/greenBeans/haddock3/src/haddock/modules/topology/topoaa/cns
export TOPPAR=/home/greenBeans/haddock3/src/haddock/cns/toppar

cd .
/home/greenBeans/haddock3/bin/cns < hpr_ensemble_7.inp > hpr_ensemble_7.out

b'Submitted batch job 34322\n' b''
#!/usr/bin/env bash
#SBATCH -J haddock3
#SBATCH --nodes=1
#SBATCH --tasks-per-node=1
#SBATCH --output=topoaa_9.out
#SBATCH --error=topoaa_9.err
#SBATCH --chdir=.
export MODDIR=.
export MODULE=/home/greenBeans/haddock3/src/haddock/modules/topology/topoaa/cns
export TOPPAR=/home/greenBeans/haddock3/src/haddock/cns/toppar

cd .
/home/greenBeans/haddock3/bin/cns < hpr_ensemble_8.inp > hpr_ensemble_8.out

b'Submitted batch job 34323\n' b''
#!/usr/bin/env bash
#SBATCH -J haddock3
#SBATCH --nodes=1
#SBATCH --tasks-per-node=1
#SBATCH --output=topoaa_10.out
#SBATCH --error=topoaa_10.err
#SBATCH --chdir=.
export MODDIR=.
export MODULE=/home/greenBeans/haddock3/src/haddock/modules/topology/topoaa/cns
export TOPPAR=/home/greenBeans/haddock3/src/haddock/cns/toppar

cd .
/home/greenBeans/haddock3/bin/cns < hpr_ensemble_9.inp > hpr_ensemble_9.out

b'Submitted batch job 34324\n' b''
#!/usr/bin/env bash
#SBATCH -J haddock3
#SBATCH --nodes=1
#SBATCH --tasks-per-node=1
#SBATCH --output=topoaa_11.out
#SBATCH --error=topoaa_11.err
#SBATCH --chdir=.
export MODDIR=.
export MODULE=/home/greenBeans/haddock3/src/haddock/modules/topology/topoaa/cns
export TOPPAR=/home/greenBeans/haddock3/src/haddock/cns/toppar

cd .
/home/greenBeans/haddock3/bin/cns < hpr_ensemble_10.inp > hpr_ensemble_10.out

b'Submitted batch job 34325\n' b''
[2023-10-24 02:26:47,301 libhpc INFO] >> topoaa_1.job running
[2023-10-24 02:26:47,369 libhpc INFO] >> topoaa_2.job running
[2023-10-24 02:26:47,439 libhpc INFO] >> topoaa_3.job submitted
[2023-10-24 02:26:47,495 libhpc INFO] >> topoaa_4.job submitted
[2023-10-24 02:26:47,554 libhpc INFO] >> topoaa_5.job submitted
[2023-10-24 02:26:47,613 libhpc INFO] >> topoaa_6.job submitted
[2023-10-24 02:26:47,668 libhpc INFO] >> topoaa_7.job submitted
[2023-10-24 02:26:47,727 libhpc INFO] >> topoaa_8.job submitted
[2023-10-24 02:26:47,784 libhpc INFO] >> topoaa_9.job submitted
[2023-10-24 02:26:47,848 libhpc INFO] >> topoaa_10.job submitted
[2023-10-24 02:26:47,914 libhpc INFO] >> topoaa_11.job submitted
[2023-10-24 02:26:47,914 libhpc INFO] >> Waiting... (30.00s)
[2023-10-24 02:27:18,083 libhpc INFO] >> Batch 1/1 took 31.98s to finish, 100.00% complete
[2023-10-24 02:27:18,084 __init__ INFO] [topoaa] CNS jobs have finished
[2023-10-24 02:27:18,171 base_cns_module INFO] Module [topoaa] finished.
[2023-10-24 02:27:18,171 __init__ INFO] [topoaa] took 34 seconds
[2023-10-24 02:27:19,346 base_cns_module INFO] Running [rigidbody] module
[2023-10-24 02:27:19,347 __init__ INFO] [rigidbody] crossdock=true
[2023-10-24 02:27:19,347 __init__ INFO] [rigidbody] Preparing jobs...
[2023-10-24 02:28:12,748 __init__ INFO] [rigidbody] Running CNS Jobs n=1000
[2023-10-24 02:28:12,782 libhpc INFO] > Running batch 1/10
#!/usr/bin/env bash
#SBATCH -J haddock3
#SBATCH --nodes=1
#SBATCH --tasks-per-node=1
#SBATCH --output=rigidbody_1.out
#SBATCH --error=rigidbody_1.err
#SBATCH --chdir=.
export MODDIR=.
export MODULE=/home/greenBeans/haddock3/src/haddock/modules/sampling/rigidbody/cns
export TOPPAR=/home/greenBeans/haddock3/src/haddock/cns/toppar

cd .
/home/greenBeans/haddock3/bin/cns < rigidbody_1.inp > rigidbody_1.out

b'Submitted batch job 34326\n' b''
#!/usr/bin/env bash
#SBATCH -J haddock3
#SBATCH --nodes=1
#SBATCH --tasks-per-node=1
#SBATCH --output=rigidbody_2.out
#SBATCH --error=rigidbody_2.err
#SBATCH --chdir=.
export MODDIR=.
export MODULE=/home/greenBeans/haddock3/src/haddock/modules/sampling/rigidbody/cns
export TOPPAR=/home/greenBeans/haddock3/src/haddock/cns/toppar

cd .
/home/greenBeans/haddock3/bin/cns < rigidbody_2.inp > rigidbody_2.out

b'Submitted batch job 34327\n' b''
#!/usr/bin/env bash
#SBATCH -J haddock3
#SBATCH --nodes=1
#SBATCH --tasks-per-node=1
#SBATCH --output=rigidbody_3.out
#SBATCH --error=rigidbody_3.err
#SBATCH --chdir=.
export MODDIR=.
export MODULE=/home/greenBeans/haddock3/src/haddock/modules/sampling/rigidbody/cns
export TOPPAR=/home/greenBeans/haddock3/src/haddock/cns/toppar

cd .
/home/greenBeans/haddock3/bin/cns < rigidbody_3.inp > rigidbody_3.out

b'Submitted batch job 34328\n' b''
#!/usr/bin/env bash
#SBATCH -J haddock3
#SBATCH --nodes=1
#SBATCH --tasks-per-node=1
#SBATCH --output=rigidbody_4.out
#SBATCH --error=rigidbody_4.err
#SBATCH --chdir=.
export MODDIR=.
export MODULE=/home/greenBeans/haddock3/src/haddock/modules/sampling/rigidbody/cns
export TOPPAR=/home/greenBeans/haddock3/src/haddock/cns/toppar

cd .
/home/greenBeans/haddock3/bin/cns < rigidbody_4.inp > rigidbody_4.out

b'Submitted batch job 34329\n' b''
#!/usr/bin/env bash
#SBATCH -J haddock3
#SBATCH --nodes=1
#SBATCH --tasks-per-node=1
#SBATCH --output=rigidbody_5.out
#SBATCH --error=rigidbody_5.err
#SBATCH --chdir=.
export MODDIR=.
export MODULE=/home/greenBeans/haddock3/src/haddock/modules/sampling/rigidbody/cns
export TOPPAR=/home/greenBeans/haddock3/src/haddock/cns/toppar

cd .
/home/greenBeans/haddock3/bin/cns < rigidbody_5.inp > rigidbody_5.out

b'Submitted batch job 34330\n' b''
#!/usr/bin/env bash
#SBATCH -J haddock3
#SBATCH --nodes=1
#SBATCH --tasks-per-node=1
#SBATCH --output=rigidbody_6.out
#SBATCH --error=rigidbody_6.err
#SBATCH --chdir=.
export MODDIR=.
export MODULE=/home/greenBeans/haddock3/src/haddock/modules/sampling/rigidbody/cns
export TOPPAR=/home/greenBeans/haddock3/src/haddock/cns/toppar

cd .
/home/greenBeans/haddock3/bin/cns < rigidbody_6.inp > rigidbody_6.out

b'Submitted batch job 34331\n' b''
#!/usr/bin/env bash
#SBATCH -J haddock3
#SBATCH --nodes=1
#SBATCH --tasks-per-node=1
#SBATCH --output=rigidbody_7.out
#SBATCH --error=rigidbody_7.err
#SBATCH --chdir=.
export MODDIR=.
export MODULE=/home/greenBeans/haddock3/src/haddock/modules/sampling/rigidbody/cns
export TOPPAR=/home/greenBeans/haddock3/src/haddock/cns/toppar

cd .
/home/greenBeans/haddock3/bin/cns < rigidbody_7.inp > rigidbody_7.out

b'Submitted batch job 34332\n' b''
#!/usr/bin/env bash
#SBATCH -J haddock3
#SBATCH --nodes=1
#SBATCH --tasks-per-node=1
#SBATCH --output=rigidbody_8.out
#SBATCH --error=rigidbody_8.err
#SBATCH --chdir=.
export MODDIR=.
export MODULE=/home/greenBeans/haddock3/src/haddock/modules/sampling/rigidbody/cns
export TOPPAR=/home/greenBeans/haddock3/src/haddock/cns/toppar

cd .
/home/greenBeans/haddock3/bin/cns < rigidbody_8.inp > rigidbody_8.out

b'Submitted batch job 34333\n' b''
#!/usr/bin/env bash
#SBATCH -J haddock3
#SBATCH --nodes=1
#SBATCH --tasks-per-node=1
#SBATCH --output=rigidbody_9.out
#SBATCH --error=rigidbody_9.err
#SBATCH --chdir=.
export MODDIR=.
export MODULE=/home/greenBeans/haddock3/src/haddock/modules/sampling/rigidbody/cns
export TOPPAR=/home/greenBeans/haddock3/src/haddock/cns/toppar

cd .
/home/greenBeans/haddock3/bin/cns < rigidbody_9.inp > rigidbody_9.out

b'Submitted batch job 34334\n' b''
#!/usr/bin/env bash
#SBATCH -J haddock3
#SBATCH --nodes=1
#SBATCH --tasks-per-node=1
#SBATCH --output=rigidbody_10.out
#SBATCH --error=rigidbody_10.err
#SBATCH --chdir=.
export MODDIR=.
export MODULE=/home/greenBeans/haddock3/src/haddock/modules/sampling/rigidbody/cns
export TOPPAR=/home/greenBeans/haddock3/src/haddock/cns/toppar

cd .
/home/greenBeans/haddock3/bin/cns < rigidbody_10.inp > rigidbody_10.out

b'Submitted batch job 34335\n' b''
#!/usr/bin/env bash
#SBATCH -J haddock3
#SBATCH --nodes=1
#SBATCH --tasks-per-node=1
#SBATCH --output=rigidbody_11.out
#SBATCH --error=rigidbody_11.err
#SBATCH --chdir=.
export MODDIR=.
export MODULE=/home/greenBeans/haddock3/src/haddock/modules/sampling/rigidbody/cns
export TOPPAR=/home/greenBeans/haddock3/src/haddock/cns/toppar

cd .
/home/greenBeans/haddock3/bin/cns < rigidbody_11.inp > rigidbody_11.out

b'Submitted batch job 34336\n' b''
#!/usr/bin/env bash
#SBATCH -J haddock3
#SBATCH --nodes=1
#SBATCH --tasks-per-node=1
#SBATCH --output=rigidbody_12.out
#SBATCH --error=rigidbody_12.err
#SBATCH --chdir=.
export MODDIR=.
export MODULE=/home/greenBeans/haddock3/src/haddock/modules/sampling/rigidbody/cns
export TOPPAR=/home/greenBeans/haddock3/src/haddock/cns/toppar

cd .
/home/greenBeans/haddock3/bin/cns < rigidbody_12.inp > rigidbody_12.out

b'Submitted batch job 34337\n' b''
#!/usr/bin/env bash
#SBATCH -J haddock3
#SBATCH --nodes=1
#SBATCH --tasks-per-node=1
#SBATCH --output=rigidbody_13.out
#SBATCH --error=rigidbody_13.err
#SBATCH --chdir=.
export MODDIR=.
export MODULE=/home/greenBeans/haddock3/src/haddock/modules/sampling/rigidbody/cns
export TOPPAR=/home/greenBeans/haddock3/src/haddock/cns/toppar

cd .
/home/greenBeans/haddock3/bin/cns < rigidbody_13.inp > rigidbody_13.out

b'Submitted batch job 34338\n' b''
#!/usr/bin/env bash
#SBATCH -J haddock3
#SBATCH --nodes=1
#SBATCH --tasks-per-node=1
#SBATCH --output=rigidbody_14.out
#SBATCH --error=rigidbody_14.err
#SBATCH --chdir=.
export MODDIR=.
export MODULE=/home/greenBeans/haddock3/src/haddock/modules/sampling/rigidbody/cns
export TOPPAR=/home/greenBeans/haddock3/src/haddock/cns/toppar

cd .
/home/greenBeans/haddock3/bin/cns < rigidbody_14.inp > rigidbody_14.out

b'Submitted batch job 34339\n' b''
#!/usr/bin/env bash
#SBATCH -J haddock3
#SBATCH --nodes=1
#SBATCH --tasks-per-node=1
#SBATCH --output=rigidbody_15.out
#SBATCH --error=rigidbody_15.err
#SBATCH --chdir=.
export MODDIR=.
export MODULE=/home/greenBeans/haddock3/src/haddock/modules/sampling/rigidbody/cns
export TOPPAR=/home/greenBeans/haddock3/src/haddock/cns/toppar

cd .
/home/greenBeans/haddock3/bin/cns < rigidbody_15.inp > rigidbody_15.out

b'Submitted batch job 34340\n' b''
#!/usr/bin/env bash
#SBATCH -J haddock3
#SBATCH --nodes=1
#SBATCH --tasks-per-node=1
#SBATCH --output=rigidbody_16.out
#SBATCH --error=rigidbody_16.err
#SBATCH --chdir=.
export MODDIR=.
export MODULE=/home/greenBeans/haddock3/src/haddock/modules/sampling/rigidbody/cns
export TOPPAR=/home/greenBeans/haddock3/src/haddock/cns/toppar

cd .
/home/greenBeans/haddock3/bin/cns < rigidbody_16.inp > rigidbody_16.out

b'Submitted batch job 34341\n' b''
#!/usr/bin/env bash
#SBATCH -J haddock3
#SBATCH --nodes=1
#SBATCH --tasks-per-node=1
#SBATCH --output=rigidbody_17.out
#SBATCH --error=rigidbody_17.err
#SBATCH --chdir=.
export MODDIR=.
export MODULE=/home/greenBeans/haddock3/src/haddock/modules/sampling/rigidbody/cns
export TOPPAR=/home/greenBeans/haddock3/src/haddock/cns/toppar

cd .
/home/greenBeans/haddock3/bin/cns < rigidbody_17.inp > rigidbody_17.out

b'Submitted batch job 34342\n' b''
#!/usr/bin/env bash
#SBATCH -J haddock3
#SBATCH --nodes=1
#SBATCH --tasks-per-node=1
#SBATCH --output=rigidbody_18.out
#SBATCH --error=rigidbody_18.err
#SBATCH --chdir=.
export MODDIR=.
export MODULE=/home/greenBeans/haddock3/src/haddock/modules/sampling/rigidbody/cns
export TOPPAR=/home/greenBeans/haddock3/src/haddock/cns/toppar

cd .
/home/greenBeans/haddock3/bin/cns < rigidbody_18.inp > rigidbody_18.out

b'Submitted batch job 34343\n' b''
#!/usr/bin/env bash
#SBATCH -J haddock3
#SBATCH --nodes=1
#SBATCH --tasks-per-node=1
#SBATCH --output=rigidbody_19.out
#SBATCH --error=rigidbody_19.err
#SBATCH --chdir=.
export MODDIR=.
export MODULE=/home/greenBeans/haddock3/src/haddock/modules/sampling/rigidbody/cns
export TOPPAR=/home/greenBeans/haddock3/src/haddock/cns/toppar

cd .
/home/greenBeans/haddock3/bin/cns < rigidbody_19.inp > rigidbody_19.out

b'Submitted batch job 34344\n' b''
#!/usr/bin/env bash
#SBATCH -J haddock3
#SBATCH --nodes=1
#SBATCH --tasks-per-node=1
#SBATCH --output=rigidbody_20.out
#SBATCH --error=rigidbody_20.err
#SBATCH --chdir=.
export MODDIR=.
export MODULE=/home/greenBeans/haddock3/src/haddock/modules/sampling/rigidbody/cns
export TOPPAR=/home/greenBeans/haddock3/src/haddock/cns/toppar

cd .
/home/greenBeans/haddock3/bin/cns < rigidbody_20.inp > rigidbody_20.out

b'Submitted batch job 34345\n' b''
#!/usr/bin/env bash
#SBATCH -J haddock3
#SBATCH --nodes=1
#SBATCH --tasks-per-node=1
#SBATCH --output=rigidbody_21.out
#SBATCH --error=rigidbody_21.err
#SBATCH --chdir=.
export MODDIR=.
export MODULE=/home/greenBeans/haddock3/src/haddock/modules/sampling/rigidbody/cns
export TOPPAR=/home/greenBeans/haddock3/src/haddock/cns/toppar

cd .
/home/greenBeans/haddock3/bin/cns < rigidbody_21.inp > rigidbody_21.out

b'Submitted batch job 34346\n' b''
#!/usr/bin/env bash
#SBATCH -J haddock3
#SBATCH --nodes=1
#SBATCH --tasks-per-node=1
#SBATCH --output=rigidbody_22.out
#SBATCH --error=rigidbody_22.err
#SBATCH --chdir=.
export MODDIR=.
export MODULE=/home/greenBeans/haddock3/src/haddock/modules/sampling/rigidbody/cns
export TOPPAR=/home/greenBeans/haddock3/src/haddock/cns/toppar

cd .
/home/greenBeans/haddock3/bin/cns < rigidbody_22.inp > rigidbody_22.out

b'Submitted batch job 34347\n' b''
#!/usr/bin/env bash
#SBATCH -J haddock3
#SBATCH --nodes=1
#SBATCH --tasks-per-node=1
#SBATCH --output=rigidbody_23.out
#SBATCH --error=rigidbody_23.err
#SBATCH --chdir=.
export MODDIR=.
export MODULE=/home/greenBeans/haddock3/src/haddock/modules/sampling/rigidbody/cns
export TOPPAR=/home/greenBeans/haddock3/src/haddock/cns/toppar

cd .
/home/greenBeans/haddock3/bin/cns < rigidbody_23.inp > rigidbody_23.out

b'Submitted batch job 34348\n' b''
#!/usr/bin/env bash
#SBATCH -J haddock3
#SBATCH --nodes=1
#SBATCH --tasks-per-node=1
#SBATCH --output=rigidbody_24.out
#SBATCH --error=rigidbody_24.err
#SBATCH --chdir=.
export MODDIR=.
export MODULE=/home/greenBeans/haddock3/src/haddock/modules/sampling/rigidbody/cns
export TOPPAR=/home/greenBeans/haddock3/src/haddock/cns/toppar

cd .
/home/greenBeans/haddock3/bin/cns < rigidbody_24.inp > rigidbody_24.out

b'Submitted batch job 34349\n' b''
#!/usr/bin/env bash
#SBATCH -J haddock3
#SBATCH --nodes=1
#SBATCH --tasks-per-node=1
#SBATCH --output=rigidbody_25.out
#SBATCH --error=rigidbody_25.err
#SBATCH --chdir=.
export MODDIR=.
export MODULE=/home/greenBeans/haddock3/src/haddock/modules/sampling/rigidbody/cns
export TOPPAR=/home/greenBeans/haddock3/src/haddock/cns/toppar

cd .
/home/greenBeans/haddock3/bin/cns < rigidbody_25.inp > rigidbody_25.out

b'Submitted batch job 34350\n' b''
#!/usr/bin/env bash
#SBATCH -J haddock3
#SBATCH --nodes=1
#SBATCH --tasks-per-node=1
#SBATCH --output=rigidbody_26.out
#SBATCH --error=rigidbody_26.err
#SBATCH --chdir=.
export MODDIR=.
export MODULE=/home/greenBeans/haddock3/src/haddock/modules/sampling/rigidbody/cns
export TOPPAR=/home/greenBeans/haddock3/src/haddock/cns/toppar

cd .
/home/greenBeans/haddock3/bin/cns < rigidbody_26.inp > rigidbody_26.out

b'Submitted batch job 34351\n' b''
#!/usr/bin/env bash
#SBATCH -J haddock3
#SBATCH --nodes=1
#SBATCH --tasks-per-node=1
#SBATCH --output=rigidbody_27.out
#SBATCH --error=rigidbody_27.err
#SBATCH --chdir=.
export MODDIR=.
export MODULE=/home/greenBeans/haddock3/src/haddock/modules/sampling/rigidbody/cns
export TOPPAR=/home/greenBeans/haddock3/src/haddock/cns/toppar

cd .
/home/greenBeans/haddock3/bin/cns < rigidbody_27.inp > rigidbody_27.out

b'Submitted batch job 34352\n' b''
#!/usr/bin/env bash
#SBATCH -J haddock3
#SBATCH --nodes=1
#SBATCH --tasks-per-node=1
#SBATCH --output=rigidbody_28.out
#SBATCH --error=rigidbody_28.err
#SBATCH --chdir=.
export MODDIR=.
export MODULE=/home/greenBeans/haddock3/src/haddock/modules/sampling/rigidbody/cns
export TOPPAR=/home/greenBeans/haddock3/src/haddock/cns/toppar

cd .
/home/greenBeans/haddock3/bin/cns < rigidbody_28.inp > rigidbody_28.out

b'Submitted batch job 34353\n' b''
#!/usr/bin/env bash
#SBATCH -J haddock3
#SBATCH --nodes=1
#SBATCH --tasks-per-node=1
#SBATCH --output=rigidbody_29.out
#SBATCH --error=rigidbody_29.err
#SBATCH --chdir=.
export MODDIR=.
export MODULE=/home/greenBeans/haddock3/src/haddock/modules/sampling/rigidbody/cns
export TOPPAR=/home/greenBeans/haddock3/src/haddock/cns/toppar

cd .
/home/greenBeans/haddock3/bin/cns < rigidbody_29.inp > rigidbody_29.out

b'Submitted batch job 34354\n' b''
#!/usr/bin/env bash
#SBATCH -J haddock3
#SBATCH --nodes=1
#SBATCH --tasks-per-node=1
#SBATCH --output=rigidbody_30.out
#SBATCH --error=rigidbody_30.err
#SBATCH --chdir=.
export MODDIR=.
export MODULE=/home/greenBeans/haddock3/src/haddock/modules/sampling/rigidbody/cns
export TOPPAR=/home/greenBeans/haddock3/src/haddock/cns/toppar

cd .
/home/greenBeans/haddock3/bin/cns < rigidbody_30.inp > rigidbody_30.out

b'Submitted batch job 34355\n' b''
#!/usr/bin/env bash
#SBATCH -J haddock3
#SBATCH --nodes=1
#SBATCH --tasks-per-node=1
#SBATCH --output=rigidbody_31.out
#SBATCH --error=rigidbody_31.err
#SBATCH --chdir=.
export MODDIR=.
export MODULE=/home/greenBeans/haddock3/src/haddock/modules/sampling/rigidbody/cns
export TOPPAR=/home/greenBeans/haddock3/src/haddock/cns/toppar

cd .
/home/greenBeans/haddock3/bin/cns < rigidbody_31.inp > rigidbody_31.out

b'Submitted batch job 34356\n' b''
#!/usr/bin/env bash
#SBATCH -J haddock3
#SBATCH --nodes=1
#SBATCH --tasks-per-node=1
#SBATCH --output=rigidbody_32.out
#SBATCH --error=rigidbody_32.err
#SBATCH --chdir=.
export MODDIR=.
export MODULE=/home/greenBeans/haddock3/src/haddock/modules/sampling/rigidbody/cns
export TOPPAR=/home/greenBeans/haddock3/src/haddock/cns/toppar

cd .
/home/greenBeans/haddock3/bin/cns < rigidbody_32.inp > rigidbody_32.out

b'Submitted batch job 34357\n' b''
#!/usr/bin/env bash
#SBATCH -J haddock3
#SBATCH --nodes=1
#SBATCH --tasks-per-node=1
#SBATCH --output=rigidbody_33.out
#SBATCH --error=rigidbody_33.err
#SBATCH --chdir=.
export MODDIR=.
export MODULE=/home/greenBeans/haddock3/src/haddock/modules/sampling/rigidbody/cns
export TOPPAR=/home/greenBeans/haddock3/src/haddock/cns/toppar

cd .
/home/greenBeans/haddock3/bin/cns < rigidbody_33.inp > rigidbody_33.out

b'Submitted batch job 34358\n' b''
#!/usr/bin/env bash
#SBATCH -J haddock3
#SBATCH --nodes=1
#SBATCH --tasks-per-node=1
#SBATCH --output=rigidbody_34.out
#SBATCH --error=rigidbody_34.err
#SBATCH --chdir=.
export MODDIR=.
export MODULE=/home/greenBeans/haddock3/src/haddock/modules/sampling/rigidbody/cns
export TOPPAR=/home/greenBeans/haddock3/src/haddock/cns/toppar

cd .
/home/greenBeans/haddock3/bin/cns < rigidbody_34.inp > rigidbody_34.out

b'Submitted batch job 34359\n' b''
#!/usr/bin/env bash
#SBATCH -J haddock3
#SBATCH --nodes=1
#SBATCH --tasks-per-node=1
#SBATCH --output=rigidbody_35.out
#SBATCH --error=rigidbody_35.err
#SBATCH --chdir=.
export MODDIR=.
export MODULE=/home/greenBeans/haddock3/src/haddock/modules/sampling/rigidbody/cns
export TOPPAR=/home/greenBeans/haddock3/src/haddock/cns/toppar

cd .
/home/greenBeans/haddock3/bin/cns < rigidbody_35.inp > rigidbody_35.out

b'Submitted batch job 34360\n' b''
#!/usr/bin/env bash
#SBATCH -J haddock3
#SBATCH --nodes=1
#SBATCH --tasks-per-node=1
#SBATCH --output=rigidbody_36.out
#SBATCH --error=rigidbody_36.err
#SBATCH --chdir=.
export MODDIR=.
export MODULE=/home/greenBeans/haddock3/src/haddock/modules/sampling/rigidbody/cns
export TOPPAR=/home/greenBeans/haddock3/src/haddock/cns/toppar

cd .
/home/greenBeans/haddock3/bin/cns < rigidbody_36.inp > rigidbody_36.out

b'Submitted batch job 34361\n' b''
#!/usr/bin/env bash
#SBATCH -J haddock3
#SBATCH --nodes=1
#SBATCH --tasks-per-node=1
#SBATCH --output=rigidbody_37.out
#SBATCH --error=rigidbody_37.err
#SBATCH --chdir=.
export MODDIR=.
export MODULE=/home/greenBeans/haddock3/src/haddock/modules/sampling/rigidbody/cns
export TOPPAR=/home/greenBeans/haddock3/src/haddock/cns/toppar

cd .
/home/greenBeans/haddock3/bin/cns < rigidbody_37.inp > rigidbody_37.out

b'Submitted batch job 34362\n' b''
#!/usr/bin/env bash
#SBATCH -J haddock3
#SBATCH --nodes=1
#SBATCH --tasks-per-node=1
#SBATCH --output=rigidbody_38.out
#SBATCH --error=rigidbody_38.err
#SBATCH --chdir=.
export MODDIR=.
export MODULE=/home/greenBeans/haddock3/src/haddock/modules/sampling/rigidbody/cns
export TOPPAR=/home/greenBeans/haddock3/src/haddock/cns/toppar

cd .
/home/greenBeans/haddock3/bin/cns < rigidbody_38.inp > rigidbody_38.out

b'Submitted batch job 34363\n' b''
#!/usr/bin/env bash
#SBATCH -J haddock3
#SBATCH --nodes=1
#SBATCH --tasks-per-node=1
#SBATCH --output=rigidbody_39.out
#SBATCH --error=rigidbody_39.err
#SBATCH --chdir=.
export MODDIR=.
export MODULE=/home/greenBeans/haddock3/src/haddock/modules/sampling/rigidbody/cns
export TOPPAR=/home/greenBeans/haddock3/src/haddock/cns/toppar

cd .
/home/greenBeans/haddock3/bin/cns < rigidbody_39.inp > rigidbody_39.out

b'Submitted batch job 34364\n' b''
#!/usr/bin/env bash
#SBATCH -J haddock3
#SBATCH --nodes=1
#SBATCH --tasks-per-node=1
#SBATCH --output=rigidbody_40.out
#SBATCH --error=rigidbody_40.err
#SBATCH --chdir=.
export MODDIR=.
export MODULE=/home/greenBeans/haddock3/src/haddock/modules/sampling/rigidbody/cns
export TOPPAR=/home/greenBeans/haddock3/src/haddock/cns/toppar

cd .
/home/greenBeans/haddock3/bin/cns < rigidbody_40.inp > rigidbody_40.out

b'Submitted batch job 34365\n' b''
#!/usr/bin/env bash
#SBATCH -J haddock3
#SBATCH --nodes=1
#SBATCH --tasks-per-node=1
#SBATCH --output=rigidbody_41.out
#SBATCH --error=rigidbody_41.err
#SBATCH --chdir=.
export MODDIR=.
export MODULE=/home/greenBeans/haddock3/src/haddock/modules/sampling/rigidbody/cns
export TOPPAR=/home/greenBeans/haddock3/src/haddock/cns/toppar

cd .
/home/greenBeans/haddock3/bin/cns < rigidbody_41.inp > rigidbody_41.out

b'Submitted batch job 34366\n' b''
#!/usr/bin/env bash
#SBATCH -J haddock3
#SBATCH --nodes=1
#SBATCH --tasks-per-node=1
#SBATCH --output=rigidbody_42.out
#SBATCH --error=rigidbody_42.err
#SBATCH --chdir=.
export MODDIR=.
export MODULE=/home/greenBeans/haddock3/src/haddock/modules/sampling/rigidbody/cns
export TOPPAR=/home/greenBeans/haddock3/src/haddock/cns/toppar

cd .
/home/greenBeans/haddock3/bin/cns < rigidbody_42.inp > rigidbody_42.out

b'Submitted batch job 34367\n' b''
#!/usr/bin/env bash
#SBATCH -J haddock3
#SBATCH --nodes=1
#SBATCH --tasks-per-node=1
#SBATCH --output=rigidbody_43.out
#SBATCH --error=rigidbody_43.err
#SBATCH --chdir=.
export MODDIR=.
export MODULE=/home/greenBeans/haddock3/src/haddock/modules/sampling/rigidbody/cns
export TOPPAR=/home/greenBeans/haddock3/src/haddock/cns/toppar

cd .
/home/greenBeans/haddock3/bin/cns < rigidbody_43.inp > rigidbody_43.out

b'Submitted batch job 34368\n' b''
#!/usr/bin/env bash
#SBATCH -J haddock3
#SBATCH --nodes=1
#SBATCH --tasks-per-node=1
#SBATCH --output=rigidbody_44.out
#SBATCH --error=rigidbody_44.err
#SBATCH --chdir=.
export MODDIR=.
export MODULE=/home/greenBeans/haddock3/src/haddock/modules/sampling/rigidbody/cns
export TOPPAR=/home/greenBeans/haddock3/src/haddock/cns/toppar

cd .
/home/greenBeans/haddock3/bin/cns < rigidbody_44.inp > rigidbody_44.out

b'Submitted batch job 34369\n' b''
#!/usr/bin/env bash
#SBATCH -J haddock3
#SBATCH --nodes=1
#SBATCH --tasks-per-node=1
#SBATCH --output=rigidbody_45.out
#SBATCH --error=rigidbody_45.err
#SBATCH --chdir=.
export MODDIR=.
export MODULE=/home/greenBeans/haddock3/src/haddock/modules/sampling/rigidbody/cns
export TOPPAR=/home/greenBeans/haddock3/src/haddock/cns/toppar

cd .
/home/greenBeans/haddock3/bin/cns < rigidbody_45.inp > rigidbody_45.out

b'Submitted batch job 34370\n' b''
#!/usr/bin/env bash
#SBATCH -J haddock3
#SBATCH --nodes=1
#SBATCH --tasks-per-node=1
#SBATCH --output=rigidbody_46.out
#SBATCH --error=rigidbody_46.err
#SBATCH --chdir=.
export MODDIR=.
export MODULE=/home/greenBeans/haddock3/src/haddock/modules/sampling/rigidbody/cns
export TOPPAR=/home/greenBeans/haddock3/src/haddock/cns/toppar

cd .
/home/greenBeans/haddock3/bin/cns < rigidbody_46.inp > rigidbody_46.out

b'Submitted batch job 34371\n' b''
#!/usr/bin/env bash
#SBATCH -J haddock3
#SBATCH --nodes=1
#SBATCH --tasks-per-node=1
#SBATCH --output=rigidbody_47.out
#SBATCH --error=rigidbody_47.err
#SBATCH --chdir=.
export MODDIR=.
export MODULE=/home/greenBeans/haddock3/src/haddock/modules/sampling/rigidbody/cns
export TOPPAR=/home/greenBeans/haddock3/src/haddock/cns/toppar

cd .
/home/greenBeans/haddock3/bin/cns < rigidbody_47.inp > rigidbody_47.out

b'Submitted batch job 34372\n' b''
#!/usr/bin/env bash
#SBATCH -J haddock3
#SBATCH --nodes=1
#SBATCH --tasks-per-node=1
#SBATCH --output=rigidbody_48.out
#SBATCH --error=rigidbody_48.err
#SBATCH --chdir=.
export MODDIR=.
export MODULE=/home/greenBeans/haddock3/src/haddock/modules/sampling/rigidbody/cns
export TOPPAR=/home/greenBeans/haddock3/src/haddock/cns/toppar

cd .
/home/greenBeans/haddock3/bin/cns < rigidbody_48.inp > rigidbody_48.out

b'Submitted batch job 34373\n' b''
#!/usr/bin/env bash
#SBATCH -J haddock3
#SBATCH --nodes=1
#SBATCH --tasks-per-node=1
#SBATCH --output=rigidbody_49.out
#SBATCH --error=rigidbody_49.err
#SBATCH --chdir=.
export MODDIR=.
export MODULE=/home/greenBeans/haddock3/src/haddock/modules/sampling/rigidbody/cns
export TOPPAR=/home/greenBeans/haddock3/src/haddock/cns/toppar

cd .
/home/greenBeans/haddock3/bin/cns < rigidbody_49.inp > rigidbody_49.out

b'Submitted batch job 34374\n' b''
#!/usr/bin/env bash
#SBATCH -J haddock3
#SBATCH --nodes=1
#SBATCH --tasks-per-node=1
#SBATCH --output=rigidbody_50.out
#SBATCH --error=rigidbody_50.err
#SBATCH --chdir=.
export MODDIR=.
export MODULE=/home/greenBeans/haddock3/src/haddock/modules/sampling/rigidbody/cns
export TOPPAR=/home/greenBeans/haddock3/src/haddock/cns/toppar

cd .
/home/greenBeans/haddock3/bin/cns < rigidbody_50.inp > rigidbody_50.out

b'Submitted batch job 34375\n' b''
#!/usr/bin/env bash
#SBATCH -J haddock3
#SBATCH --nodes=1
#SBATCH --tasks-per-node=1
#SBATCH --output=rigidbody_51.out
#SBATCH --error=rigidbody_51.err
#SBATCH --chdir=.
export MODDIR=.
export MODULE=/home/greenBeans/haddock3/src/haddock/modules/sampling/rigidbody/cns
export TOPPAR=/home/greenBeans/haddock3/src/haddock/cns/toppar

cd .
/home/greenBeans/haddock3/bin/cns < rigidbody_51.inp > rigidbody_51.out

b'Submitted batch job 34376\n' b''
#!/usr/bin/env bash
#SBATCH -J haddock3
#SBATCH --nodes=1
#SBATCH --tasks-per-node=1
#SBATCH --output=rigidbody_52.out
#SBATCH --error=rigidbody_52.err
#SBATCH --chdir=.
export MODDIR=.
export MODULE=/home/greenBeans/haddock3/src/haddock/modules/sampling/rigidbody/cns
export TOPPAR=/home/greenBeans/haddock3/src/haddock/cns/toppar

cd .
/home/greenBeans/haddock3/bin/cns < rigidbody_52.inp > rigidbody_52.out

b'Submitted batch job 34377\n' b''
#!/usr/bin/env bash
#SBATCH -J haddock3
#SBATCH --nodes=1
#SBATCH --tasks-per-node=1
#SBATCH --output=rigidbody_53.out
#SBATCH --error=rigidbody_53.err
#SBATCH --chdir=.
export MODDIR=.
export MODULE=/home/greenBeans/haddock3/src/haddock/modules/sampling/rigidbody/cns
export TOPPAR=/home/greenBeans/haddock3/src/haddock/cns/toppar

cd .
/home/greenBeans/haddock3/bin/cns < rigidbody_53.inp > rigidbody_53.out

b'Submitted batch job 34378\n' b''
#!/usr/bin/env bash
#SBATCH -J haddock3
#SBATCH --nodes=1
#SBATCH --tasks-per-node=1
#SBATCH --output=rigidbody_54.out
#SBATCH --error=rigidbody_54.err
#SBATCH --chdir=.
export MODDIR=.
export MODULE=/home/greenBeans/haddock3/src/haddock/modules/sampling/rigidbody/cns
export TOPPAR=/home/greenBeans/haddock3/src/haddock/cns/toppar

cd .
/home/greenBeans/haddock3/bin/cns < rigidbody_54.inp > rigidbody_54.out

b'Submitted batch job 34379\n' b''
#!/usr/bin/env bash
#SBATCH -J haddock3
#SBATCH --nodes=1
#SBATCH --tasks-per-node=1
#SBATCH --output=rigidbody_55.out
#SBATCH --error=rigidbody_55.err
#SBATCH --chdir=.
export MODDIR=.
export MODULE=/home/greenBeans/haddock3/src/haddock/modules/sampling/rigidbody/cns
export TOPPAR=/home/greenBeans/haddock3/src/haddock/cns/toppar

cd .
/home/greenBeans/haddock3/bin/cns < rigidbody_55.inp > rigidbody_55.out

b'Submitted batch job 34380\n' b''
#!/usr/bin/env bash
#SBATCH -J haddock3
#SBATCH --nodes=1
#SBATCH --tasks-per-node=1
#SBATCH --output=rigidbody_56.out
#SBATCH --error=rigidbody_56.err
#SBATCH --chdir=.
export MODDIR=.
export MODULE=/home/greenBeans/haddock3/src/haddock/modules/sampling/rigidbody/cns
export TOPPAR=/home/greenBeans/haddock3/src/haddock/cns/toppar

cd .
/home/greenBeans/haddock3/bin/cns < rigidbody_56.inp > rigidbody_56.out

b'Submitted batch job 34381\n' b''
#!/usr/bin/env bash
#SBATCH -J haddock3
#SBATCH --nodes=1
#SBATCH --tasks-per-node=1
#SBATCH --output=rigidbody_57.out
#SBATCH --error=rigidbody_57.err
#SBATCH --chdir=.
export MODDIR=.
export MODULE=/home/greenBeans/haddock3/src/haddock/modules/sampling/rigidbody/cns
export TOPPAR=/home/greenBeans/haddock3/src/haddock/cns/toppar

cd .
/home/greenBeans/haddock3/bin/cns < rigidbody_57.inp > rigidbody_57.out

b'Submitted batch job 34382\n' b''
#!/usr/bin/env bash
#SBATCH -J haddock3
#SBATCH --nodes=1
#SBATCH --tasks-per-node=1
#SBATCH --output=rigidbody_58.out
#SBATCH --error=rigidbody_58.err
#SBATCH --chdir=.
export MODDIR=.
export MODULE=/home/greenBeans/haddock3/src/haddock/modules/sampling/rigidbody/cns
export TOPPAR=/home/greenBeans/haddock3/src/haddock/cns/toppar

cd .
/home/greenBeans/haddock3/bin/cns < rigidbody_58.inp > rigidbody_58.out

b'Submitted batch job 34383\n' b''
#!/usr/bin/env bash
#SBATCH -J haddock3
#SBATCH --nodes=1
#SBATCH --tasks-per-node=1
#SBATCH --output=rigidbody_59.out
#SBATCH --error=rigidbody_59.err
#SBATCH --chdir=.
export MODDIR=.
export MODULE=/home/greenBeans/haddock3/src/haddock/modules/sampling/rigidbody/cns
export TOPPAR=/home/greenBeans/haddock3/src/haddock/cns/toppar

cd .
/home/greenBeans/haddock3/bin/cns < rigidbody_59.inp > rigidbody_59.out

b'Submitted batch job 34384\n' b''
#!/usr/bin/env bash
#SBATCH -J haddock3
#SBATCH --nodes=1
#SBATCH --tasks-per-node=1
#SBATCH --output=rigidbody_60.out
#SBATCH --error=rigidbody_60.err
#SBATCH --chdir=.
export MODDIR=.
export MODULE=/home/greenBeans/haddock3/src/haddock/modules/sampling/rigidbody/cns
export TOPPAR=/home/greenBeans/haddock3/src/haddock/cns/toppar

cd .
/home/greenBeans/haddock3/bin/cns < rigidbody_60.inp > rigidbody_60.out

b'Submitted batch job 34385\n' b''
#!/usr/bin/env bash
#SBATCH -J haddock3
#SBATCH --nodes=1
#SBATCH --tasks-per-node=1
#SBATCH --output=rigidbody_61.out
#SBATCH --error=rigidbody_61.err
#SBATCH --chdir=.
export MODDIR=.
export MODULE=/home/greenBeans/haddock3/src/haddock/modules/sampling/rigidbody/cns
export TOPPAR=/home/greenBeans/haddock3/src/haddock/cns/toppar

cd .
/home/greenBeans/haddock3/bin/cns < rigidbody_61.inp > rigidbody_61.out

b'Submitted batch job 34386\n' b''
#!/usr/bin/env bash
#SBATCH -J haddock3
#SBATCH --nodes=1
#SBATCH --tasks-per-node=1
#SBATCH --output=rigidbody_62.out
#SBATCH --error=rigidbody_62.err
#SBATCH --chdir=.
export MODDIR=.
export MODULE=/home/greenBeans/haddock3/src/haddock/modules/sampling/rigidbody/cns
export TOPPAR=/home/greenBeans/haddock3/src/haddock/cns/toppar

cd .
/home/greenBeans/haddock3/bin/cns < rigidbody_62.inp > rigidbody_62.out

b'Submitted batch job 34387\n' b''
#!/usr/bin/env bash
#SBATCH -J haddock3
#SBATCH --nodes=1
#SBATCH --tasks-per-node=1
#SBATCH --output=rigidbody_63.out
#SBATCH --error=rigidbody_63.err
#SBATCH --chdir=.
export MODDIR=.
export MODULE=/home/greenBeans/haddock3/src/haddock/modules/sampling/rigidbody/cns
export TOPPAR=/home/greenBeans/haddock3/src/haddock/cns/toppar

cd .
/home/greenBeans/haddock3/bin/cns < rigidbody_63.inp > rigidbody_63.out

b'Submitted batch job 34388\n' b''
#!/usr/bin/env bash
#SBATCH -J haddock3
#SBATCH --nodes=1
#SBATCH --tasks-per-node=1
#SBATCH --output=rigidbody_64.out
#SBATCH --error=rigidbody_64.err
#SBATCH --chdir=.
export MODDIR=.
export MODULE=/home/greenBeans/haddock3/src/haddock/modules/sampling/rigidbody/cns
export TOPPAR=/home/greenBeans/haddock3/src/haddock/cns/toppar

cd .
/home/greenBeans/haddock3/bin/cns < rigidbody_64.inp > rigidbody_64.out

b'Submitted batch job 34389\n' b''
#!/usr/bin/env bash
#SBATCH -J haddock3
#SBATCH --nodes=1
#SBATCH --tasks-per-node=1
#SBATCH --output=rigidbody_65.out
#SBATCH --error=rigidbody_65.err
#SBATCH --chdir=.
export MODDIR=.
export MODULE=/home/greenBeans/haddock3/src/haddock/modules/sampling/rigidbody/cns
export TOPPAR=/home/greenBeans/haddock3/src/haddock/cns/toppar

cd .
/home/greenBeans/haddock3/bin/cns < rigidbody_65.inp > rigidbody_65.out

b'Submitted batch job 34390\n' b''
#!/usr/bin/env bash
#SBATCH -J haddock3
#SBATCH --nodes=1
#SBATCH --tasks-per-node=1
#SBATCH --output=rigidbody_66.out
#SBATCH --error=rigidbody_66.err
#SBATCH --chdir=.
export MODDIR=.
export MODULE=/home/greenBeans/haddock3/src/haddock/modules/sampling/rigidbody/cns
export TOPPAR=/home/greenBeans/haddock3/src/haddock/cns/toppar

cd .
/home/greenBeans/haddock3/bin/cns < rigidbody_66.inp > rigidbody_66.out

b'Submitted batch job 34391\n' b''
#!/usr/bin/env bash
#SBATCH -J haddock3
#SBATCH --nodes=1
#SBATCH --tasks-per-node=1
#SBATCH --output=rigidbody_67.out
#SBATCH --error=rigidbody_67.err
#SBATCH --chdir=.
export MODDIR=.
export MODULE=/home/greenBeans/haddock3/src/haddock/modules/sampling/rigidbody/cns
export TOPPAR=/home/greenBeans/haddock3/src/haddock/cns/toppar

cd .
/home/greenBeans/haddock3/bin/cns < rigidbody_67.inp > rigidbody_67.out

b'Submitted batch job 34392\n' b''
#!/usr/bin/env bash
#SBATCH -J haddock3
#SBATCH --nodes=1
#SBATCH --tasks-per-node=1
#SBATCH --output=rigidbody_68.out
#SBATCH --error=rigidbody_68.err
#SBATCH --chdir=.
export MODDIR=.
export MODULE=/home/greenBeans/haddock3/src/haddock/modules/sampling/rigidbody/cns
export TOPPAR=/home/greenBeans/haddock3/src/haddock/cns/toppar

cd .
/home/greenBeans/haddock3/bin/cns < rigidbody_68.inp > rigidbody_68.out

b'Submitted batch job 34393\n' b''
#!/usr/bin/env bash
#SBATCH -J haddock3
#SBATCH --nodes=1
#SBATCH --tasks-per-node=1
#SBATCH --output=rigidbody_69.out
#SBATCH --error=rigidbody_69.err
#SBATCH --chdir=.
export MODDIR=.
export MODULE=/home/greenBeans/haddock3/src/haddock/modules/sampling/rigidbody/cns
export TOPPAR=/home/greenBeans/haddock3/src/haddock/cns/toppar

cd .
/home/greenBeans/haddock3/bin/cns < rigidbody_69.inp > rigidbody_69.out

b'Submitted batch job 34394\n' b''
#!/usr/bin/env bash
#SBATCH -J haddock3
#SBATCH --nodes=1
#SBATCH --tasks-per-node=1
#SBATCH --output=rigidbody_70.out
#SBATCH --error=rigidbody_70.err
#SBATCH --chdir=.
export MODDIR=.
export MODULE=/home/greenBeans/haddock3/src/haddock/modules/sampling/rigidbody/cns
export TOPPAR=/home/greenBeans/haddock3/src/haddock/cns/toppar

cd .
/home/greenBeans/haddock3/bin/cns < rigidbody_70.inp > rigidbody_70.out

b'Submitted batch job 34395\n' b''
#!/usr/bin/env bash
#SBATCH -J haddock3
#SBATCH --nodes=1
#SBATCH --tasks-per-node=1
#SBATCH --output=rigidbody_71.out
#SBATCH --error=rigidbody_71.err
#SBATCH --chdir=.
export MODDIR=.
export MODULE=/home/greenBeans/haddock3/src/haddock/modules/sampling/rigidbody/cns
export TOPPAR=/home/greenBeans/haddock3/src/haddock/cns/toppar

cd .
/home/greenBeans/haddock3/bin/cns < rigidbody_71.inp > rigidbody_71.out

b'Submitted batch job 34396\n' b''
#!/usr/bin/env bash
#SBATCH -J haddock3
#SBATCH --nodes=1
#SBATCH --tasks-per-node=1
#SBATCH --output=rigidbody_72.out
#SBATCH --error=rigidbody_72.err
#SBATCH --chdir=.
export MODDIR=.
export MODULE=/home/greenBeans/haddock3/src/haddock/modules/sampling/rigidbody/cns
export TOPPAR=/home/greenBeans/haddock3/src/haddock/cns/toppar

cd .
/home/greenBeans/haddock3/bin/cns < rigidbody_72.inp > rigidbody_72.out

b'Submitted batch job 34397\n' b''
#!/usr/bin/env bash
#SBATCH -J haddock3
#SBATCH --nodes=1
#SBATCH --tasks-per-node=1
#SBATCH --output=rigidbody_73.out
#SBATCH --error=rigidbody_73.err
#SBATCH --chdir=.
export MODDIR=.
export MODULE=/home/greenBeans/haddock3/src/haddock/modules/sampling/rigidbody/cns
export TOPPAR=/home/greenBeans/haddock3/src/haddock/cns/toppar

cd .
/home/greenBeans/haddock3/bin/cns < rigidbody_73.inp > rigidbody_73.out

b'Submitted batch job 34398\n' b''
#!/usr/bin/env bash
#SBATCH -J haddock3
#SBATCH --nodes=1
#SBATCH --tasks-per-node=1
#SBATCH --output=rigidbody_74.out
#SBATCH --error=rigidbody_74.err
#SBATCH --chdir=.
export MODDIR=.
export MODULE=/home/greenBeans/haddock3/src/haddock/modules/sampling/rigidbody/cns
export TOPPAR=/home/greenBeans/haddock3/src/haddock/cns/toppar

cd .
/home/greenBeans/haddock3/bin/cns < rigidbody_74.inp > rigidbody_74.out

b'Submitted batch job 34399\n' b''
#!/usr/bin/env bash
#SBATCH -J haddock3
#SBATCH --nodes=1
#SBATCH --tasks-per-node=1
#SBATCH --output=rigidbody_75.out
#SBATCH --error=rigidbody_75.err
#SBATCH --chdir=.
export MODDIR=.
export MODULE=/home/greenBeans/haddock3/src/haddock/modules/sampling/rigidbody/cns
export TOPPAR=/home/greenBeans/haddock3/src/haddock/cns/toppar

cd .
/home/greenBeans/haddock3/bin/cns < rigidbody_75.inp > rigidbody_75.out

b'Submitted batch job 34400\n' b''
#!/usr/bin/env bash
#SBATCH -J haddock3
#SBATCH --nodes=1
#SBATCH --tasks-per-node=1
#SBATCH --output=rigidbody_76.out
#SBATCH --error=rigidbody_76.err
#SBATCH --chdir=.
export MODDIR=.
export MODULE=/home/greenBeans/haddock3/src/haddock/modules/sampling/rigidbody/cns
export TOPPAR=/home/greenBeans/haddock3/src/haddock/cns/toppar

cd .
/home/greenBeans/haddock3/bin/cns < rigidbody_76.inp > rigidbody_76.out

b'Submitted batch job 34401\n' b''
#!/usr/bin/env bash
#SBATCH -J haddock3
#SBATCH --nodes=1
#SBATCH --tasks-per-node=1
#SBATCH --output=rigidbody_77.out
#SBATCH --error=rigidbody_77.err
#SBATCH --chdir=.
export MODDIR=.
export MODULE=/home/greenBeans/haddock3/src/haddock/modules/sampling/rigidbody/cns
export TOPPAR=/home/greenBeans/haddock3/src/haddock/cns/toppar

cd .
/home/greenBeans/haddock3/bin/cns < rigidbody_77.inp > rigidbody_77.out

b'Submitted batch job 34402\n' b''
#!/usr/bin/env bash
#SBATCH -J haddock3
#SBATCH --nodes=1
#SBATCH --tasks-per-node=1
#SBATCH --output=rigidbody_78.out
#SBATCH --error=rigidbody_78.err
#SBATCH --chdir=.
export MODDIR=.
export MODULE=/home/greenBeans/haddock3/src/haddock/modules/sampling/rigidbody/cns
export TOPPAR=/home/greenBeans/haddock3/src/haddock/cns/toppar

cd .
/home/greenBeans/haddock3/bin/cns < rigidbody_78.inp > rigidbody_78.out

b'Submitted batch job 34403\n' b''
#!/usr/bin/env bash
#SBATCH -J haddock3
#SBATCH --nodes=1
#SBATCH --tasks-per-node=1
#SBATCH --output=rigidbody_79.out
#SBATCH --error=rigidbody_79.err
#SBATCH --chdir=.
export MODDIR=.
export MODULE=/home/greenBeans/haddock3/src/haddock/modules/sampling/rigidbody/cns
export TOPPAR=/home/greenBeans/haddock3/src/haddock/cns/toppar

cd .
/home/greenBeans/haddock3/bin/cns < rigidbody_79.inp > rigidbody_79.out

b'Submitted batch job 34404\n' b''
#!/usr/bin/env bash
#SBATCH -J haddock3
#SBATCH --nodes=1
#SBATCH --tasks-per-node=1
#SBATCH --output=rigidbody_80.out
#SBATCH --error=rigidbody_80.err
#SBATCH --chdir=.
export MODDIR=.
export MODULE=/home/greenBeans/haddock3/src/haddock/modules/sampling/rigidbody/cns
export TOPPAR=/home/greenBeans/haddock3/src/haddock/cns/toppar

cd .
/home/greenBeans/haddock3/bin/cns < rigidbody_80.inp > rigidbody_80.out

b'Submitted batch job 34405\n' b''
#!/usr/bin/env bash
#SBATCH -J haddock3
#SBATCH --nodes=1
#SBATCH --tasks-per-node=1
#SBATCH --output=rigidbody_81.out
#SBATCH --error=rigidbody_81.err
#SBATCH --chdir=.
export MODDIR=.
export MODULE=/home/greenBeans/haddock3/src/haddock/modules/sampling/rigidbody/cns
export TOPPAR=/home/greenBeans/haddock3/src/haddock/cns/toppar

cd .
/home/greenBeans/haddock3/bin/cns < rigidbody_81.inp > rigidbody_81.out

b'Submitted batch job 34406\n' b''
#!/usr/bin/env bash
#SBATCH -J haddock3
#SBATCH --nodes=1
#SBATCH --tasks-per-node=1
#SBATCH --output=rigidbody_82.out
#SBATCH --error=rigidbody_82.err
#SBATCH --chdir=.
export MODDIR=.
export MODULE=/home/greenBeans/haddock3/src/haddock/modules/sampling/rigidbody/cns
export TOPPAR=/home/greenBeans/haddock3/src/haddock/cns/toppar

cd .
/home/greenBeans/haddock3/bin/cns < rigidbody_82.inp > rigidbody_82.out

b'Submitted batch job 34407\n' b''
#!/usr/bin/env bash
#SBATCH -J haddock3
#SBATCH --nodes=1
#SBATCH --tasks-per-node=1
#SBATCH --output=rigidbody_83.out
#SBATCH --error=rigidbody_83.err
#SBATCH --chdir=.
export MODDIR=.
export MODULE=/home/greenBeans/haddock3/src/haddock/modules/sampling/rigidbody/cns
export TOPPAR=/home/greenBeans/haddock3/src/haddock/cns/toppar

cd .
/home/greenBeans/haddock3/bin/cns < rigidbody_83.inp > rigidbody_83.out

b'Submitted batch job 34408\n' b''
#!/usr/bin/env bash
#SBATCH -J haddock3
#SBATCH --nodes=1
#SBATCH --tasks-per-node=1
#SBATCH --output=rigidbody_84.out
#SBATCH --error=rigidbody_84.err
#SBATCH --chdir=.
export MODDIR=.
export MODULE=/home/greenBeans/haddock3/src/haddock/modules/sampling/rigidbody/cns
export TOPPAR=/home/greenBeans/haddock3/src/haddock/cns/toppar

cd .
/home/greenBeans/haddock3/bin/cns < rigidbody_84.inp > rigidbody_84.out

b'Submitted batch job 34409\n' b''
#!/usr/bin/env bash
#SBATCH -J haddock3
#SBATCH --nodes=1
#SBATCH --tasks-per-node=1
#SBATCH --output=rigidbody_85.out
#SBATCH --error=rigidbody_85.err
#SBATCH --chdir=.
export MODDIR=.
export MODULE=/home/greenBeans/haddock3/src/haddock/modules/sampling/rigidbody/cns
export TOPPAR=/home/greenBeans/haddock3/src/haddock/cns/toppar

cd .
/home/greenBeans/haddock3/bin/cns < rigidbody_85.inp > rigidbody_85.out

b'Submitted batch job 34410\n' b''
#!/usr/bin/env bash
#SBATCH -J haddock3
#SBATCH --nodes=1
#SBATCH --tasks-per-node=1
#SBATCH --output=rigidbody_86.out
#SBATCH --error=rigidbody_86.err
#SBATCH --chdir=.
export MODDIR=.
export MODULE=/home/greenBeans/haddock3/src/haddock/modules/sampling/rigidbody/cns
export TOPPAR=/home/greenBeans/haddock3/src/haddock/cns/toppar

cd .
/home/greenBeans/haddock3/bin/cns < rigidbody_86.inp > rigidbody_86.out

b'Submitted batch job 34411\n' b''
#!/usr/bin/env bash
#SBATCH -J haddock3
#SBATCH --nodes=1
#SBATCH --tasks-per-node=1
#SBATCH --output=rigidbody_87.out
#SBATCH --error=rigidbody_87.err
#SBATCH --chdir=.
export MODDIR=.
export MODULE=/home/greenBeans/haddock3/src/haddock/modules/sampling/rigidbody/cns
export TOPPAR=/home/greenBeans/haddock3/src/haddock/cns/toppar

cd .
/home/greenBeans/haddock3/bin/cns < rigidbody_87.inp > rigidbody_87.out

b'Submitted batch job 34412\n' b''
#!/usr/bin/env bash
#SBATCH -J haddock3
#SBATCH --nodes=1
#SBATCH --tasks-per-node=1
#SBATCH --output=rigidbody_88.out
#SBATCH --error=rigidbody_88.err
#SBATCH --chdir=.
export MODDIR=.
export MODULE=/home/greenBeans/haddock3/src/haddock/modules/sampling/rigidbody/cns
export TOPPAR=/home/greenBeans/haddock3/src/haddock/cns/toppar

cd .
/home/greenBeans/haddock3/bin/cns < rigidbody_88.inp > rigidbody_88.out

b'Submitted batch job 34413\n' b''
#!/usr/bin/env bash
#SBATCH -J haddock3
#SBATCH --nodes=1
#SBATCH --tasks-per-node=1
#SBATCH --output=rigidbody_89.out
#SBATCH --error=rigidbody_89.err
#SBATCH --chdir=.
export MODDIR=.
export MODULE=/home/greenBeans/haddock3/src/haddock/modules/sampling/rigidbody/cns
export TOPPAR=/home/greenBeans/haddock3/src/haddock/cns/toppar

cd .
/home/greenBeans/haddock3/bin/cns < rigidbody_89.inp > rigidbody_89.out

b'Submitted batch job 34414\n' b''
#!/usr/bin/env bash
#SBATCH -J haddock3
#SBATCH --nodes=1
#SBATCH --tasks-per-node=1
#SBATCH --output=rigidbody_90.out
#SBATCH --error=rigidbody_90.err
#SBATCH --chdir=.
export MODDIR=.
export MODULE=/home/greenBeans/haddock3/src/haddock/modules/sampling/rigidbody/cns
export TOPPAR=/home/greenBeans/haddock3/src/haddock/cns/toppar

cd .
/home/greenBeans/haddock3/bin/cns < rigidbody_90.inp > rigidbody_90.out

b'Submitted batch job 34415\n' b''
#!/usr/bin/env bash
#SBATCH -J haddock3
#SBATCH --nodes=1
#SBATCH --tasks-per-node=1
#SBATCH --output=rigidbody_91.out
#SBATCH --error=rigidbody_91.err
#SBATCH --chdir=.
export MODDIR=.
export MODULE=/home/greenBeans/haddock3/src/haddock/modules/sampling/rigidbody/cns
export TOPPAR=/home/greenBeans/haddock3/src/haddock/cns/toppar

cd .
/home/greenBeans/haddock3/bin/cns < rigidbody_91.inp > rigidbody_91.out

b'Submitted batch job 34416\n' b''
#!/usr/bin/env bash
#SBATCH -J haddock3
#SBATCH --nodes=1
#SBATCH --tasks-per-node=1
#SBATCH --output=rigidbody_92.out
#SBATCH --error=rigidbody_92.err
#SBATCH --chdir=.
export MODDIR=.
export MODULE=/home/greenBeans/haddock3/src/haddock/modules/sampling/rigidbody/cns
export TOPPAR=/home/greenBeans/haddock3/src/haddock/cns/toppar

cd .
/home/greenBeans/haddock3/bin/cns < rigidbody_92.inp > rigidbody_92.out

b'Submitted batch job 34417\n' b''
#!/usr/bin/env bash
#SBATCH -J haddock3
#SBATCH --nodes=1
#SBATCH --tasks-per-node=1
#SBATCH --output=rigidbody_93.out
#SBATCH --error=rigidbody_93.err
#SBATCH --chdir=.
export MODDIR=.
export MODULE=/home/greenBeans/haddock3/src/haddock/modules/sampling/rigidbody/cns
export TOPPAR=/home/greenBeans/haddock3/src/haddock/cns/toppar

cd .
/home/greenBeans/haddock3/bin/cns < rigidbody_93.inp > rigidbody_93.out

b'Submitted batch job 34418\n' b''
#!/usr/bin/env bash
#SBATCH -J haddock3
#SBATCH --nodes=1
#SBATCH --tasks-per-node=1
#SBATCH --output=rigidbody_94.out
#SBATCH --error=rigidbody_94.err
#SBATCH --chdir=.
export MODDIR=.
export MODULE=/home/greenBeans/haddock3/src/haddock/modules/sampling/rigidbody/cns
export TOPPAR=/home/greenBeans/haddock3/src/haddock/cns/toppar

cd .
/home/greenBeans/haddock3/bin/cns < rigidbody_94.inp > rigidbody_94.out

b'Submitted batch job 34419\n' b''
#!/usr/bin/env bash
#SBATCH -J haddock3
#SBATCH --nodes=1
#SBATCH --tasks-per-node=1
#SBATCH --output=rigidbody_95.out
#SBATCH --error=rigidbody_95.err
#SBATCH --chdir=.
export MODDIR=.
export MODULE=/home/greenBeans/haddock3/src/haddock/modules/sampling/rigidbody/cns
export TOPPAR=/home/greenBeans/haddock3/src/haddock/cns/toppar

cd .
/home/greenBeans/haddock3/bin/cns < rigidbody_95.inp > rigidbody_95.out

b'Submitted batch job 34420\n' b''
#!/usr/bin/env bash
#SBATCH -J haddock3
#SBATCH --nodes=1
#SBATCH --tasks-per-node=1
#SBATCH --output=rigidbody_96.out
#SBATCH --error=rigidbody_96.err
#SBATCH --chdir=.
export MODDIR=.
export MODULE=/home/greenBeans/haddock3/src/haddock/modules/sampling/rigidbody/cns
export TOPPAR=/home/greenBeans/haddock3/src/haddock/cns/toppar

cd .
/home/greenBeans/haddock3/bin/cns < rigidbody_96.inp > rigidbody_96.out

b'Submitted batch job 34421\n' b''
#!/usr/bin/env bash
#SBATCH -J haddock3
#SBATCH --nodes=1
#SBATCH --tasks-per-node=1
#SBATCH --output=rigidbody_97.out
#SBATCH --error=rigidbody_97.err
#SBATCH --chdir=.
export MODDIR=.
export MODULE=/home/greenBeans/haddock3/src/haddock/modules/sampling/rigidbody/cns
export TOPPAR=/home/greenBeans/haddock3/src/haddock/cns/toppar

cd .
/home/greenBeans/haddock3/bin/cns < rigidbody_97.inp > rigidbody_97.out

b'Submitted batch job 34422\n' b''
#!/usr/bin/env bash
#SBATCH -J haddock3
#SBATCH --nodes=1
#SBATCH --tasks-per-node=1
#SBATCH --output=rigidbody_98.out
#SBATCH --error=rigidbody_98.err
#SBATCH --chdir=.
export MODDIR=.
export MODULE=/home/greenBeans/haddock3/src/haddock/modules/sampling/rigidbody/cns
export TOPPAR=/home/greenBeans/haddock3/src/haddock/cns/toppar

cd .
/home/greenBeans/haddock3/bin/cns < rigidbody_98.inp > rigidbody_98.out

b'Submitted batch job 34423\n' b''
#!/usr/bin/env bash
#SBATCH -J haddock3
#SBATCH --nodes=1
#SBATCH --tasks-per-node=1
#SBATCH --output=rigidbody_99.out
#SBATCH --error=rigidbody_99.err
#SBATCH --chdir=.
export MODDIR=.
export MODULE=/home/greenBeans/haddock3/src/haddock/modules/sampling/rigidbody/cns
export TOPPAR=/home/greenBeans/haddock3/src/haddock/cns/toppar

cd .
/home/greenBeans/haddock3/bin/cns < rigidbody_99.inp > rigidbody_99.out

b'Submitted batch job 34424\n' b''
#!/usr/bin/env bash
#SBATCH -J haddock3
#SBATCH --nodes=1
#SBATCH --tasks-per-node=1
#SBATCH --output=rigidbody_100.out
#SBATCH --error=rigidbody_100.err
#SBATCH --chdir=.
export MODDIR=.
export MODULE=/home/greenBeans/haddock3/src/haddock/modules/sampling/rigidbody/cns
export TOPPAR=/home/greenBeans/haddock3/src/haddock/cns/toppar

cd .
/home/greenBeans/haddock3/bin/cns < rigidbody_100.inp > rigidbody_100.out

b'Submitted batch job 34425\n' b''
[2023-10-24 02:28:20,701 libhpc INFO] >> rigidbody_1.job running
[2023-10-24 02:28:20,854 libhpc INFO] >> rigidbody_3.job running
[2023-10-24 02:28:21,029 libhpc INFO] >> rigidbody_4.job submitted
[2023-10-24 02:28:21,116 libhpc INFO] >> rigidbody_5.job submitted
[2023-10-24 02:28:21,187 libhpc INFO] >> rigidbody_6.job submitted
[2023-10-24 02:28:21,247 libhpc INFO] >> rigidbody_7.job submitted
[2023-10-24 02:28:21,317 libhpc INFO] >> rigidbody_8.job submitted
[2023-10-24 02:28:21,415 libhpc INFO] >> rigidbody_9.job submitted
[2023-10-24 02:28:21,487 libhpc INFO] >> rigidbody_10.job submitted
[2023-10-24 02:28:21,554 libhpc INFO] >> rigidbody_11.job submitted
[2023-10-24 02:28:21,650 libhpc INFO] >> rigidbody_12.job submitted
[2023-10-24 02:28:21,705 libhpc INFO] >> rigidbody_13.job submitted
[2023-10-24 02:28:21,792 libhpc INFO] >> rigidbody_14.job submitted
[2023-10-24 02:28:21,858 libhpc INFO] >> rigidbody_15.job submitted
[2023-10-24 02:28:21,920 libhpc INFO] >> rigidbody_16.job submitted
[2023-10-24 02:28:22,005 libhpc INFO] >> rigidbody_17.job submitted
[2023-10-24 02:28:22,087 libhpc INFO] >> rigidbody_18.job submitted
[2023-10-24 02:28:22,148 libhpc INFO] >> rigidbody_19.job submitted
[2023-10-24 02:28:22,228 libhpc INFO] >> rigidbody_20.job submitted
[2023-10-24 02:28:22,349 libhpc INFO] >> rigidbody_21.job submitted
[2023-10-24 02:28:22,404 libhpc INFO] >> rigidbody_22.job submitted
[2023-10-24 02:28:22,461 libhpc INFO] >> rigidbody_23.job submitted
[2023-10-24 02:28:22,521 libhpc INFO] >> rigidbody_24.job submitted
[2023-10-24 02:28:22,577 libhpc INFO] >> rigidbody_25.job submitted
[2023-10-24 02:28:22,649 libhpc INFO] >> rigidbody_26.job submitted
[2023-10-24 02:28:22,728 libhpc INFO] >> rigidbody_27.job submitted
[2023-10-24 02:28:22,786 libhpc INFO] >> rigidbody_28.job submitted
[2023-10-24 02:28:22,878 libhpc INFO] >> rigidbody_29.job submitted
[2023-10-24 02:28:22,951 libhpc INFO] >> rigidbody_30.job submitted
[2023-10-24 02:28:23,038 libhpc INFO] >> rigidbody_31.job submitted
[2023-10-24 02:28:23,125 libhpc INFO] >> rigidbody_32.job submitted
[2023-10-24 02:28:23,196 libhpc INFO] >> rigidbody_33.job submitted
[2023-10-24 02:28:23,256 libhpc INFO] >> rigidbody_34.job submitted
[2023-10-24 02:28:23,333 libhpc INFO] >> rigidbody_35.job submitted
[2023-10-24 02:28:23,395 libhpc INFO] >> rigidbody_36.job submitted
[2023-10-24 02:28:23,486 libhpc INFO] >> rigidbody_37.job submitted
[2023-10-24 02:28:23,593 libhpc INFO] >> rigidbody_38.job submitted
[2023-10-24 02:28:23,724 libhpc INFO] >> rigidbody_39.job submitted
[2023-10-24 02:28:23,838 libhpc INFO] >> rigidbody_40.job submitted
[2023-10-24 02:28:24,005 libhpc INFO] >> rigidbody_41.job submitted
[2023-10-24 02:28:24,107 libhpc INFO] >> rigidbody_42.job submitted
[2023-10-24 02:28:24,282 libhpc INFO] >> rigidbody_43.job submitted
[2023-10-24 02:28:24,389 libhpc INFO] >> rigidbody_44.job submitted
[2023-10-24 02:28:24,462 libhpc INFO] >> rigidbody_45.job submitted
[2023-10-24 02:28:24,545 libhpc INFO] >> rigidbody_46.job submitted
[2023-10-24 02:28:24,647 libhpc INFO] >> rigidbody_47.job submitted
[2023-10-24 02:28:24,720 libhpc INFO] >> rigidbody_48.job submitted
[2023-10-24 02:28:24,786 libhpc INFO] >> rigidbody_49.job submitted
[2023-10-24 02:28:24,853 libhpc INFO] >> rigidbody_50.job submitted
[2023-10-24 02:28:24,922 libhpc INFO] >> rigidbody_51.job submitted
[2023-10-24 02:28:25,018 libhpc INFO] >> rigidbody_52.job submitted
[2023-10-24 02:28:25,086 libhpc INFO] >> rigidbody_53.job submitted
[2023-10-24 02:28:25,144 libhpc INFO] >> rigidbody_54.job submitted
[2023-10-24 02:28:25,228 libhpc INFO] >> rigidbody_55.job submitted
[2023-10-24 02:28:25,300 libhpc INFO] >> rigidbody_56.job submitted
[2023-10-24 02:28:25,379 libhpc INFO] >> rigidbody_57.job submitted
[2023-10-24 02:28:25,452 libhpc INFO] >> rigidbody_58.job submitted
[2023-10-24 02:28:25,517 libhpc INFO] >> rigidbody_59.job submitted
[2023-10-24 02:28:25,606 libhpc INFO] >> rigidbody_60.job submitted
[2023-10-24 02:28:25,758 libhpc INFO] >> rigidbody_61.job submitted
[2023-10-24 02:28:25,888 libhpc INFO] >> rigidbody_62.job submitted
[2023-10-24 02:28:25,965 libhpc INFO] >> rigidbody_63.job submitted
[2023-10-24 02:28:26,034 libhpc INFO] >> rigidbody_64.job submitted
[2023-10-24 02:28:26,247 libhpc INFO] >> rigidbody_65.job submitted
[2023-10-24 02:28:26,338 libhpc INFO] >> rigidbody_66.job submitted
[2023-10-24 02:28:26,413 libhpc INFO] >> rigidbody_67.job submitted
[2023-10-24 02:28:26,475 libhpc INFO] >> rigidbody_68.job submitted
[2023-10-24 02:28:26,530 libhpc INFO] >> rigidbody_69.job submitted
[2023-10-24 02:28:26,614 libhpc INFO] >> rigidbody_70.job submitted
[2023-10-24 02:28:26,668 libhpc INFO] >> rigidbody_71.job submitted
[2023-10-24 02:28:26,725 libhpc INFO] >> rigidbody_72.job submitted
[2023-10-24 02:28:26,813 libhpc INFO] >> rigidbody_73.job submitted
[2023-10-24 02:28:26,913 libhpc INFO] >> rigidbody_74.job submitted
[2023-10-24 02:28:26,985 libhpc INFO] >> rigidbody_75.job submitted
[2023-10-24 02:28:27,070 libhpc INFO] >> rigidbody_76.job submitted
[2023-10-24 02:28:27,144 libhpc INFO] >> rigidbody_77.job submitted
[2023-10-24 02:28:27,231 libhpc INFO] >> rigidbody_78.job submitted
[2023-10-24 02:28:27,287 libhpc INFO] >> rigidbody_79.job submitted
[2023-10-24 02:28:27,333 libhpc INFO] >> rigidbody_80.job submitted
[2023-10-24 02:28:27,404 libhpc INFO] >> rigidbody_81.job submitted
[2023-10-24 02:28:27,465 libhpc INFO] >> rigidbody_82.job submitted
[2023-10-24 02:28:27,526 libhpc INFO] >> rigidbody_83.job submitted
[2023-10-24 02:28:27,593 libhpc INFO] >> rigidbody_84.job submitted
[2023-10-24 02:28:27,645 libhpc INFO] >> rigidbody_85.job submitted
[2023-10-24 02:28:27,705 libhpc INFO] >> rigidbody_86.job submitted
[2023-10-24 02:28:27,774 libhpc INFO] >> rigidbody_87.job submitted
[2023-10-24 02:28:27,834 libhpc INFO] >> rigidbody_88.job submitted
[2023-10-24 02:28:27,926 libhpc INFO] >> rigidbody_89.job submitted
[2023-10-24 02:28:27,982 libhpc INFO] >> rigidbody_90.job submitted
[2023-10-24 02:28:28,061 libhpc INFO] >> rigidbody_91.job submitted
[2023-10-24 02:28:28,137 libhpc INFO] >> rigidbody_92.job submitted
[2023-10-24 02:28:28,256 libhpc INFO] >> rigidbody_93.job submitted
[2023-10-24 02:28:28,416 libhpc INFO] >> rigidbody_94.job submitted
[2023-10-24 02:28:28,506 libhpc INFO] >> rigidbody_95.job submitted
[2023-10-24 02:28:28,589 libhpc INFO] >> rigidbody_96.job submitted
[2023-10-24 02:28:28,662 libhpc INFO] >> rigidbody_97.job submitted
[2023-10-24 02:28:28,722 libhpc INFO] >> rigidbody_98.job submitted
[2023-10-24 02:28:28,783 libhpc INFO] >> rigidbody_99.job submitted
[2023-10-24 02:28:28,849 libhpc INFO] >> rigidbody_100.job submitted
[2023-10-24 02:28:28,850 libhpc INFO] >> Waiting... (60.00s)
[2023-10-24 02:29:29,325 libhpc INFO] >> rigidbody_23.job running
[2023-10-24 02:29:29,472 libhpc INFO] >> rigidbody_24.job running
[2023-10-24 02:29:29,605 libhpc INFO] >> rigidbody_25.job submitted
[2023-10-24 02:29:29,707 libhpc INFO] >> rigidbody_26.job submitted
[2023-10-24 02:29:29,769 libhpc INFO] >> rigidbody_27.job submitted
[2023-10-24 02:29:29,829 libhpc INFO] >> rigidbody_28.job submitted
[2023-10-24 02:29:29,905 libhpc INFO] >> rigidbody_29.job submitted
[2023-10-24 02:29:30,016 libhpc INFO] >> rigidbody_30.job submitted
[2023-10-24 02:29:30,086 libhpc INFO] >> rigidbody_31.job submitted
[2023-10-24 02:29:30,146 libhpc INFO] >> rigidbody_32.job submitted
[2023-10-24 02:29:30,208 libhpc INFO] >> rigidbody_33.job submitted
[2023-10-24 02:29:30,292 libhpc INFO] >> rigidbody_34.job submitted
[2023-10-24 02:29:30,355 libhpc INFO] >> rigidbody_35.job submitted
[2023-10-24 02:29:30,441 libhpc INFO] >> rigidbody_36.job submitted
[2023-10-24 02:29:30,501 libhpc INFO] >> rigidbody_37.job submitted
[2023-10-24 02:29:30,561 libhpc INFO] >> rigidbody_38.job submitted
[2023-10-24 02:29:30,645 libhpc INFO] >> rigidbody_39.job submitted
[2023-10-24 02:29:30,721 libhpc INFO] >> rigidbody_40.job submitted
[2023-10-24 02:29:30,778 libhpc INFO] >> rigidbody_41.job submitted
[2023-10-24 02:29:30,832 libhpc INFO] >> rigidbody_42.job submitted
[2023-10-24 02:29:30,886 libhpc INFO] >> rigidbody_43.job submitted
[2023-10-24 02:29:30,970 libhpc INFO] >> rigidbody_44.job submitted
[2023-10-24 02:29:31,036 libhpc INFO] >> rigidbody_45.job submitted
[2023-10-24 02:29:31,090 libhpc INFO] >> rigidbody_46.job submitted
[2023-10-24 02:29:31,139 libhpc INFO] >> rigidbody_47.job submitted
[2023-10-24 02:29:31,193 libhpc INFO] >> rigidbody_48.job submitted
[2023-10-24 02:29:31,255 libhpc INFO] >> rigidbody_49.job submitted
[2023-10-24 02:29:31,319 libhpc INFO] >> rigidbody_50.job submitted
[2023-10-24 02:29:31,385 libhpc INFO] >> rigidbody_51.job submitted
[2023-10-24 02:29:31,475 libhpc INFO] >> rigidbody_52.job submitted
[2023-10-24 02:29:31,632 libhpc INFO] >> rigidbody_53.job submitted
[2023-10-24 02:29:31,703 libhpc INFO] >> rigidbody_54.job submitted
[2023-10-24 02:29:31,776 libhpc INFO] >> rigidbody_55.job submitted
[2023-10-24 02:29:31,854 libhpc INFO] >> rigidbody_56.job submitted
[2023-10-24 02:29:31,929 libhpc INFO] >> rigidbody_57.job submitted
[2023-10-24 02:29:32,058 libhpc INFO] >> rigidbody_58.job submitted
[2023-10-24 02:29:32,149 libhpc INFO] >> rigidbody_59.job submitted
[2023-10-24 02:29:32,209 libhpc INFO] >> rigidbody_60.job submitted
[2023-10-24 02:29:32,304 libhpc INFO] >> rigidbody_61.job submitted
[2023-10-24 02:29:32,376 libhpc INFO] >> rigidbody_62.job submitted
[2023-10-24 02:29:32,473 libhpc INFO] >> rigidbody_63.job submitted
[2023-10-24 02:29:32,603 libhpc INFO] >> rigidbody_64.job submitted
[2023-10-24 02:29:32,762 libhpc INFO] >> rigidbody_65.job submitted
[2023-10-24 02:29:32,882 libhpc INFO] >> rigidbody_66.job submitted
[2023-10-24 02:29:33,010 libhpc INFO] >> rigidbody_67.job submitted
[2023-10-24 02:29:33,146 libhpc INFO] >> rigidbody_68.job submitted
[2023-10-24 02:29:33,237 libhpc INFO] >> rigidbody_69.job submitted
[2023-10-24 02:29:33,316 libhpc INFO] >> rigidbody_70.job submitted
[2023-10-24 02:29:33,390 libhpc INFO] >> rigidbody_71.job submitted
[2023-10-24 02:29:33,464 libhpc INFO] >> rigidbody_72.job submitted
[2023-10-24 02:29:33,531 libhpc INFO] >> rigidbody_73.job submitted
[2023-10-24 02:29:33,590 libhpc INFO] >> rigidbody_74.job submitted
[2023-10-24 02:29:33,658 libhpc INFO] >> rigidbody_75.job submitted
[2023-10-24 02:29:33,790 libhpc INFO] >> rigidbody_76.job submitted
[2023-10-24 02:29:33,862 libhpc INFO] >> rigidbody_77.job submitted
[2023-10-24 02:29:33,957 libhpc INFO] >> rigidbody_78.job submitted
[2023-10-24 02:29:34,023 libhpc INFO] >> rigidbody_79.job submitted
[2023-10-24 02:29:34,085 libhpc INFO] >> rigidbody_80.job submitted
[2023-10-24 02:29:34,151 libhpc INFO] >> rigidbody_81.job submitted
[2023-10-24 02:29:34,245 libhpc INFO] >> rigidbody_82.job submitted
[2023-10-24 02:29:34,291 libhpc INFO] >> rigidbody_83.job submitted
[2023-10-24 02:29:34,354 libhpc INFO] >> rigidbody_84.job submitted
[2023-10-24 02:29:34,422 libhpc INFO] >> rigidbody_85.job submitted
[2023-10-24 02:29:34,482 libhpc INFO] >> rigidbody_86.job submitted
[2023-10-24 02:29:34,553 libhpc INFO] >> rigidbody_87.job submitted
[2023-10-24 02:29:34,631 libhpc INFO] >> rigidbody_88.job submitted
[2023-10-24 02:29:34,708 libhpc INFO] >> rigidbody_89.job submitted
[2023-10-24 02:29:34,769 libhpc INFO] >> rigidbody_90.job submitted
[2023-10-24 02:29:34,830 libhpc INFO] >> rigidbody_91.job submitted
[2023-10-24 02:29:34,890 libhpc INFO] >> rigidbody_92.job submitted
[2023-10-24 02:29:34,967 libhpc INFO] >> rigidbody_93.job submitted
[2023-10-24 02:29:35,040 libhpc INFO] >> rigidbody_94.job submitted
[2023-10-24 02:29:35,111 libhpc INFO] >> rigidbody_95.job submitted
[2023-10-24 02:29:35,178 libhpc INFO] >> rigidbody_96.job submitted
[2023-10-24 02:29:35,248 libhpc INFO] >> rigidbody_97.job submitted
[2023-10-24 02:29:35,310 libhpc INFO] >> rigidbody_98.job submitted
[2023-10-24 02:29:35,388 libhpc INFO] >> rigidbody_99.job submitted
[2023-10-24 02:29:35,449 libhpc INFO] >> rigidbody_100.job submitted
[2023-10-24 02:29:35,450 libhpc INFO] >> Waiting... (60.00s)
